app/build/intermediates/manifest_merge_blame_file/debug/manifest-merger-blame-debug-report.txt
1<?xml version="1.0" encoding="utf-8"?>
2<manifest xmlns:android="http://schemas.android.com/apk/res/android"
3    package="com.saurabhlande.bankingsystem"
4    android:versionCode="1"
5    android:versionName="1.0" >
6
7    <uses-sdk
8        android:minSdkVersion="16"
8-->src\main\AndroidManifest.xml
9        android:targetSdkVersion="30" />
9-->src\main\AndroidManifest.xml
10
11    <application
11-->src\main\AndroidManifest.xml:7:5-53:19
12        android:allowBackup="true"
12-->src\main\AndroidManifest.xml:8:9-35
13        android:appComponentFactory="androidx.core.app.CoreComponentFactory"
13-->[androidx.core:core:1.3.1] AndroidManifest.xml:24:18-86
14        android:debuggable="true"
15        android:icon="@drawable/bank"
15-->src\main\AndroidManifest.xml:9:9-38
16        android:label="@string/app_name"
16-->src\main\AndroidManifest.xml:10:9-41
17        android:roundIcon="@drawable/bank"
17-->src\main\AndroidManifest.xml:11:9-43
18        android:supportsRtl="true"
18-->src\main\AndroidManifest.xml:12:9-35
19        android:testOnly="true"
20        android:theme="@style/AppTheme_white" >
20-->src\main\AndroidManifest.xml:13:9-46
21        <activity
21-->src\main\AndroidManifest.xml:15:9-23:20
22            android:name="com.saurabhlande.bankingsystem.splash_screen"
22-->src\main\AndroidManifest.xml:15:19-78
23            android:screenOrientation="portrait"
23-->src\main\AndroidManifest.xml:16:13-49
24            android:theme="@style/AppTheme.NoActionBar" >
24-->src\main\AndroidManifest.xml:17:13-56
25            <intent-filter>
25-->src\main\AndroidManifest.xml:18:13-22:29
26                <action android:name="android.intent.action.MAIN" />
26-->src\main\AndroidManifest.xml:19:17-69
26-->src\main\AndroidManifest.xml:19:25-66
27
28                <category android:name="android.intent.category.LAUNCHER" />
28-->src\main\AndroidManifest.xml:21:17-77
28-->src\main\AndroidManifest.xml:21:27-74
29            </intent-filter>
30        </activity>
31        <activity
31-->src\main\AndroidManifest.xml:25:9-28:20
32            android:name="com.saurabhlande.bankingsystem.MainActivity"
32-->src\main\AndroidManifest.xml:25:19-77
33            android:screenOrientation="portrait"
33-->src\main\AndroidManifest.xml:26:13-49
34            android:theme="@style/AppTheme.NoActionBar" >
34-->src\main\AndroidManifest.xml:27:13-56
35        </activity>
36        <activity
36-->src\main\AndroidManifest.xml:30:9-34:20
37            android:name="com.saurabhlande.bankingsystem.Userlist"
37-->src\main\AndroidManifest.xml:30:19-73
38            android:label="Banking System"
38-->src\main\AndroidManifest.xml:32:13-43
39            android:screenOrientation="portrait"
39-->src\main\AndroidManifest.xml:31:13-49
40            android:theme="@style/AppTheme" >
40-->src\main\AndroidManifest.xml:33:13-44
41        </activity>
42        <activity
42-->src\main\AndroidManifest.xml:36:9-40:46
43            android:name="com.saurabhlande.bankingsystem.Userdata"
43-->src\main\AndroidManifest.xml:36:19-73
44            android:label="User Details"
44-->src\main\AndroidManifest.xml:39:13-41
45            android:parentActivityName="com.saurabhlande.bankingsystem.Userlist"
45-->src\main\AndroidManifest.xml:37:13-81
46            android:screenOrientation="portrait"
46-->src\main\AndroidManifest.xml:38:13-49
47            android:theme="@style/AppTheme" />
47-->src\main\AndroidManifest.xml:40:13-44
48        <activity
48-->src\main\AndroidManifest.xml:42:9-45:46
49            android:name="com.saurabhlande.bankingsystem.SendToUser"
49-->src\main\AndroidManifest.xml:42:19-75
50            android:label="Transfer Money"
50-->src\main\AndroidManifest.xml:44:13-43
51            android:screenOrientation="portrait"
51-->src\main\AndroidManifest.xml:43:13-49
52            android:theme="@style/AppTheme" />
52-->src\main\AndroidManifest.xml:45:13-44
53        <activity
53-->src\main\AndroidManifest.xml:47:9-51:46
54            android:name="com.saurabhlande.bankingsystem.HistoryList"
54-->src\main\AndroidManifest.xml:47:19-76
55            android:label="Transactions"
55-->src\main\AndroidManifest.xml:50:13-41
56            android:parentActivityName="com.saurabhlande.bankingsystem.Userlist"
56-->src\main\AndroidManifest.xml:48:13-81
57            android:screenOrientation="portrait"
57-->src\main\AndroidManifest.xml:49:13-49
58            android:theme="@style/AppTheme" />
58-->src\main\AndroidManifest.xml:51:13-44
59    </application>
60
61</manifest>